<?xml version="1.0" encoding="UTF-8"?>
<coverage generated="1727604180417" clover="3.2.0">
  <project timestamp="1727604180418" name="All files">
    <metrics statements="25" coveredstatements="12" conditionals="6" coveredconditionals="1" methods="9" coveredmethods="2" elements="40" coveredelements="15" complexity="0" loc="25" ncloc="25" packages="4" files="5" classes="5"/>
    <package name="AddItem">
      <metrics statements="12" coveredstatements="7" conditionals="4" coveredconditionals="0" methods="4" coveredmethods="1"/>
      <file name="AddItem.js" path="E:\Study\react-mono-repo\packages\frontend\task-manager-ui\src\components\AddItem\AddItem.js">
        <metrics statements="12" coveredstatements="7" conditionals="4" coveredconditionals="0" methods="4" coveredmethods="1"/>
        <line num="11" count="1" type="stmt"/>
        <line num="12" count="2" type="stmt"/>
        <line num="13" count="2" type="stmt"/>
        <line num="14" count="2" type="stmt"/>
        <line num="16" count="2" type="stmt"/>
        <line num="17" count="0" type="cond" truecount="0" falsecount="2"/>
        <line num="18" count="0" type="stmt"/>
        <line num="22" count="0" type="stmt"/>
        <line num="25" count="2" type="stmt"/>
        <line num="26" count="0" type="stmt"/>
        <line num="29" count="2" type="stmt"/>
        <line num="38" count="0" type="stmt"/>
      </file>
      <file name="AddItem.style.js" path="E:\Study\react-mono-repo\packages\frontend\task-manager-ui\src\components\AddItem\AddItem.style.js">
        <metrics statements="0" coveredstatements="0" conditionals="0" coveredconditionals="0" methods="0" coveredmethods="0"/>
      </file>
    </package>
    <package name="ItemList">
      <metrics statements="9" coveredstatements="5" conditionals="2" coveredconditionals="1" methods="3" coveredmethods="1"/>
      <file name="ItemList.js" path="E:\Study\react-mono-repo\packages\frontend\task-manager-ui\src\components\ItemList\ItemList.js">
        <metrics statements="9" coveredstatements="5" conditionals="2" coveredconditionals="1" methods="3" coveredmethods="1"/>
        <line num="3" count="1" type="stmt"/>
        <line num="4" count="2" type="stmt"/>
        <line num="5" count="2" type="stmt"/>
        <line num="6" count="2" type="cond" truecount="1" falsecount="1"/>
        <line num="7" count="2" type="stmt"/>
        <line num="9" count="0" type="stmt"/>
        <line num="15" count="0" type="stmt"/>
        <line num="19" count="0" type="stmt"/>
        <line num="20" count="0" type="stmt"/>
      </file>
    </package>
    <package name="Loader">
      <metrics statements="2" coveredstatements="0" conditionals="0" coveredconditionals="0" methods="1" coveredmethods="0"/>
      <file name="Loader.js" path="E:\Study\react-mono-repo\packages\frontend\task-manager-ui\src\components\Loader\Loader.js">
        <metrics statements="2" coveredstatements="0" conditionals="0" coveredconditionals="0" methods="1" coveredmethods="0"/>
        <line num="1" count="0" type="stmt"/>
        <line num="2" count="0" type="stmt"/>
      </file>
    </package>
    <package name="ServiceWorker">
      <metrics statements="2" coveredstatements="0" conditionals="0" coveredconditionals="0" methods="1" coveredmethods="0"/>
      <file name="ServiceWorker.js" path="E:\Study\react-mono-repo\packages\frontend\task-manager-ui\src\components\ServiceWorker\ServiceWorker.js">
        <metrics statements="2" coveredstatements="0" conditionals="0" coveredconditionals="0" methods="1" coveredmethods="0"/>
        <line num="1" count="0" type="stmt"/>
        <line num="2" count="0" type="stmt"/>
      </file>
    </package>
  </project>
</coverage>
