{"E:\\Study\\react-mono-repo\\packages\\frontend\\task-manager-ui\\src\\components\\AddItem\\AddItem.js": {"path":"E:\\Study\\react-mono-repo\\packages\\frontend\\task-manager-ui\\src\\components\\AddItem\\AddItem.js","statementMap":{"0":{"start":{"line":11,"column":16},"end":{"line":79,"column":1}},"1":{"start":{"line":12,"column":32},"end":{"line":12,"column":56}},"2":{"start":{"line":13,"column":28},"end":{"line":13,"column":40}},"3":{"start":{"line":14,"column":35},"end":{"line":14,"column":40}},"4":{"start":{"line":16,"column":22},"end":{"line":23,"column":26}},"5":{"start":{"line":17,"column":8},"end":{"line":17,"column":32}},"6":{"start":{"line":17,"column":25},"end":{"line":17,"column":32}},"7":{"start":{"line":18,"column":8},"end":{"line":21,"column":12}},"8":{"start":{"line":22,"column":8},"end":{"line":22,"column":20}},"9":{"start":{"line":25,"column":20},"end":{"line":27,"column":5}},"10":{"start":{"line":26,"column":6},"end":{"line":26,"column":18}},"11":{"start":{"line":29,"column":4},"end":{"line":78,"column":6}},"12":{"start":{"line":38,"column":18},"end":{"line":38,"column":46}}},"fnMap":{"0":{"name":"(anonymous_0)","decl":{"start":{"line":11,"column":16},"end":{"line":11,"column":17}},"loc":{"start":{"line":11,"column":35},"end":{"line":79,"column":1}},"line":11},"1":{"name":"(anonymous_1)","decl":{"start":{"line":16,"column":34},"end":{"line":16,"column":35}},"loc":{"start":{"line":16,"column":40},"end":{"line":23,"column":7}},"line":16},"2":{"name":"(anonymous_2)","decl":{"start":{"line":25,"column":20},"end":{"line":25,"column":21}},"loc":{"start":{"line":25,"column":26},"end":{"line":27,"column":5}},"line":25},"3":{"name":"(anonymous_3)","decl":{"start":{"line":37,"column":74},"end":{"line":37,"column":75}},"loc":{"start":{"line":37,"column":85},"end":{"line":39,"column":16}},"line":37}},"branchMap":{"0":{"loc":{"start":{"line":17,"column":8},"end":{"line":17,"column":32}},"type":"if","locations":[{"start":{"line":17,"column":8},"end":{"line":17,"column":32}},{"start":{},"end":{}}],"line":17},"1":{"loc":{"start":{"line":20,"column":16},"end":{"line":20,"column":72}},"type":"cond-expr","locations":[{"start":{"line":20,"column":23},"end":{"line":20,"column":67}},{"start":{"line":20,"column":70},"end":{"line":20,"column":72}}],"line":20}},"s":{"0":1,"1":2,"2":2,"3":2,"4":2,"5":0,"6":0,"7":0,"8":0,"9":2,"10":0,"11":2,"12":0},"f":{"0":2,"1":0,"2":0,"3":0},"b":{"0":[0,0],"1":[0,0]},"_coverageSchema":"1a1c01bbd47fc00a2c39e90264f33305004495a9","hash":"3b97c7cd6d62a78c762527742894b651b8eaf90f"}
,"E:\\Study\\react-mono-repo\\packages\\frontend\\task-manager-ui\\src\\components\\AddItem\\AddItem.style.js": {"path":"E:\\Study\\react-mono-repo\\packages\\frontend\\task-manager-ui\\src\\components\\AddItem\\AddItem.style.js","statementMap":{},"fnMap":{},"branchMap":{},"s":{},"f":{},"b":{},"_coverageSchema":"1a1c01bbd47fc00a2c39e90264f33305004495a9","hash":"3fc68946196955e2571133379f224e9731201c96"}
,"E:\\Study\\react-mono-repo\\packages\\frontend\\task-manager-ui\\src\\components\\ItemList\\ItemList.js": {"path":"E:\\Study\\react-mono-repo\\packages\\frontend\\task-manager-ui\\src\\components\\ItemList\\ItemList.js","statementMap":{"0":{"start":{"line":3,"column":17},"end":{"line":28,"column":1}},"1":{"start":{"line":4,"column":39},"end":{"line":4,"column":44}},"2":{"start":{"line":5,"column":36},"end":{"line":5,"column":41}},"3":{"start":{"line":6,"column":4},"end":{"line":8,"column":5}},"4":{"start":{"line":7,"column":6},"end":{"line":7,"column":16}},"5":{"start":{"line":9,"column":4},"end":{"line":27,"column":5}},"6":{"start":{"line":15,"column":24},"end":{"line":22,"column":31}},"7":{"start":{"line":19,"column":28},"end":{"line":19,"column":46}},"8":{"start":{"line":20,"column":28},"end":{"line":20,"column":57}}},"fnMap":{"0":{"name":"(anonymous_0)","decl":{"start":{"line":3,"column":17},"end":{"line":3,"column":18}},"loc":{"start":{"line":3,"column":28},"end":{"line":28,"column":1}},"line":3},"1":{"name":"(anonymous_1)","decl":{"start":{"line":14,"column":30},"end":{"line":14,"column":31}},"loc":{"start":{"line":14,"column":40},"end":{"line":23,"column":21}},"line":14},"2":{"name":"(anonymous_2)","decl":{"start":{"line":18,"column":38},"end":{"line":18,"column":39}},"loc":{"start":{"line":18,"column":45},"end":{"line":21,"column":27}},"line":18}},"branchMap":{"0":{"loc":{"start":{"line":6,"column":4},"end":{"line":8,"column":5}},"type":"if","locations":[{"start":{"line":6,"column":4},"end":{"line":8,"column":5}},{"start":{},"end":{}}],"line":6}},"s":{"0":1,"1":2,"2":2,"3":2,"4":2,"5":0,"6":0,"7":0,"8":0},"f":{"0":2,"1":0,"2":0},"b":{"0":[2,0]},"_coverageSchema":"1a1c01bbd47fc00a2c39e90264f33305004495a9","hash":"298001c03880bdffbec4bdfa58873e952c318bfb"}
,"E:\\Study\\react-mono-repo\\packages\\frontend\\task-manager-ui\\src\\components\\Loader\\Loader.js": {"path":"E:\\Study\\react-mono-repo\\packages\\frontend\\task-manager-ui\\src\\components\\Loader\\Loader.js","statementMap":{"0":{"start":{"line":1,"column":15},"end":{"line":7,"column":1}},"1":{"start":{"line":2,"column":4},"end":{"line":6,"column":6}}},"fnMap":{"0":{"name":"(anonymous_0)","decl":{"start":{"line":1,"column":15},"end":{"line":1,"column":16}},"loc":{"start":{"line":1,"column":21},"end":{"line":7,"column":1}},"line":1}},"branchMap":{},"s":{"0":0,"1":0},"f":{"0":0},"b":{}}
,"E:\\Study\\react-mono-repo\\packages\\frontend\\task-manager-ui\\src\\components\\ServiceWorker\\ServiceWorker.js": {"path":"E:\\Study\\react-mono-repo\\packages\\frontend\\task-manager-ui\\src\\components\\ServiceWorker\\ServiceWorker.js","statementMap":{"0":{"start":{"line":1,"column":29},"end":{"line":3,"column":1}},"1":{"start":{"line":2,"column":4},"end":{"line":2,"column":56}}},"fnMap":{"0":{"name":"(anonymous_0)","decl":{"start":{"line":1,"column":29},"end":{"line":1,"column":30}},"loc":{"start":{"line":1,"column":35},"end":{"line":3,"column":1}},"line":1}},"branchMap":{},"s":{"0":0,"1":0},"f":{"0":0},"b":{}}
}
